=== 簡化版本 (Easy) - 含詳細繁體中文註解 ===
更新時間: 2026-03-11 18:36:58

====== Unit Test 結果 ======
test_cycle_length_basic (__main__.TestCollatz)
測試基本的 cycle-length 計算。 ... ok
test_powers_of_two (__main__.TestCollatz)
測試 2 的冪次的 cycle-length 規律。 ... ok
test_single_point (__main__.TestCollatz)
測試單點區間的邊界情況。 ... ok
test_solve_order_invariant (__main__.TestCollatz)
測試輸入順序無關性（Order Invariance）。 ... ok
test_solve_ranges (__main__.TestCollatz)
測試區間查詢的正確性。 ... ok

----------------------------------------------------------------------
Ran 5 tests in 0.000s

OK

====== 解決方案驗證 ======
============================================================
簡化版本 (Easy) 測試結果
============================================================

✓ PASS
  結果: (1, 10, 20)
  期望: (1, 10, 20)

✓ PASS
  結果: (100, 200, 125)
  期望: (100, 200, 125)

✓ PASS
  結果: (201, 210, 89)
  期望: (201, 210, 89)

✓ PASS
  結果: (900, 1000, 174)
  期望: (900, 1000, 174)

============================================================
總結: 全部通過 ✓
============================================================
